<?xml version="1.0" encoding="UTF-8"?>
<!-- Generated by org.testng.reporters.JUnitReportReporter -->
<testsuite hostname="DESKTOP-PCA8DII" failures="0" tests="1" name="Runner.TestNGRunner" time="12.587" errors="0" timestamp="2024-08-18T23:26:37 AEST" skipped="0">
  <testcase classname="Runner.TestNGRunner" name="testAll" time="12.587"/>
  <system-out/>
</testsuite> <!-- Runner.TestNGRunner -->
